d:\personal\schoolwork\y2s1\dm2292-sp3\nyp_team5_sp3\sp3_2dgame\app\debug\vc142.pdb
d:\personal\schoolwork\y2s1\dm2292-sp3\nyp_team5_sp3\sp3_2dgame\app\debug\vc142.idb
d:\personal\schoolwork\y2s1\dm2292-sp3\nyp_team5_sp3\sp3_2dgame\app\debug\hilt2d.obj
d:\personal\schoolwork\y2s1\dm2292-sp3\nyp_team5_sp3\sp3_2dgame\app\debug\gui_scene2d.obj
d:\personal\schoolwork\y2s1\dm2292-sp3\nyp_team5_sp3\sp3_2dgame\app\debug\gamemanager.obj
d:\personal\schoolwork\y2s1\dm2292-sp3\nyp_team5_sp3\sp3_2dgame\app\debug\enemy2d.obj
d:\personal\schoolwork\y2s1\dm2292-sp3\nyp_team5_sp3\sp3_2dgame\app\debug\cleaverblade2d.obj
d:\personal\schoolwork\y2s1\dm2292-sp3\nyp_team5_sp3\sp3_2dgame\app\debug\chicken.obj
d:\personal\schoolwork\y2s1\dm2292-sp3\nyp_team5_sp3\sp3_2dgame\app\debug\camera.obj
d:\personal\schoolwork\y2s1\dm2292-sp3\nyp_team5_sp3\sp3_2dgame\app\debug\blade2d.obj
d:\personal\schoolwork\y2s1\dm2292-sp3\nyp_team5_sp3\sp3_2dgame\app\debug\backgroundentity.obj
d:\personal\schoolwork\y2s1\dm2292-sp3\nyp_team5_sp3\sp3_2dgame\app\debug\main.obj
d:\personal\schoolwork\y2s1\dm2292-sp3\nyp_team5_sp3\sp3_2dgame\app\debug\victorystate.obj
d:\personal\schoolwork\y2s1\dm2292-sp3\nyp_team5_sp3\sp3_2dgame\app\debug\playgamestate.obj
d:\personal\schoolwork\y2s1\dm2292-sp3\nyp_team5_sp3\sp3_2dgame\app\debug\pausestate.obj
d:\personal\schoolwork\y2s1\dm2292-sp3\nyp_team5_sp3\sp3_2dgame\app\debug\menustate.obj
d:\personal\schoolwork\y2s1\dm2292-sp3\nyp_team5_sp3\sp3_2dgame\app\debug\inventorystate.obj
d:\personal\schoolwork\y2s1\dm2292-sp3\nyp_team5_sp3\sp3_2dgame\app\debug\introstate.obj
d:\personal\schoolwork\y2s1\dm2292-sp3\nyp_team5_sp3\sp3_2dgame\app\debug\gamestatemanager.obj
d:\personal\schoolwork\y2s1\dm2292-sp3\nyp_team5_sp3\sp3_2dgame\app\debug\gameoverstate.obj
d:\personal\schoolwork\y2s1\dm2292-sp3\nyp_team5_sp3\sp3_2dgame\app\debug\craftingstate.obj
d:\personal\schoolwork\y2s1\dm2292-sp3\nyp_team5_sp3\sp3_2dgame\app\debug\application.obj
d:\personal\schoolwork\y2s1\dm2292-sp3\nyp_team5_sp3\sp3_2dgame\app\debug\soundcontroller.obj
d:\personal\schoolwork\y2s1\dm2292-sp3\nyp_team5_sp3\sp3_2dgame\app\debug\woodenhilt2d.obj
d:\personal\schoolwork\y2s1\dm2292-sp3\nyp_team5_sp3\sp3_2dgame\app\debug\webshot.obj
d:\personal\schoolwork\y2s1\dm2292-sp3\nyp_team5_sp3\sp3_2dgame\app\debug\rustyblade2d.obj
d:\personal\schoolwork\y2s1\dm2292-sp3\nyp_team5_sp3\sp3_2dgame\app\debug\sword2d.obj
d:\personal\schoolwork\y2s1\dm2292-sp3\nyp_team5_sp3\sp3_2dgame\app\debug\spider.obj
d:\personal\schoolwork\y2s1\dm2292-sp3\nyp_team5_sp3\sp3_2dgame\app\debug\slot.obj
d:\personal\schoolwork\y2s1\dm2292-sp3\nyp_team5_sp3\sp3_2dgame\app\debug\skeletonshot.obj
d:\personal\schoolwork\y2s1\dm2292-sp3\nyp_team5_sp3\sp3_2dgame\app\debug\skeleton.obj
d:\personal\schoolwork\y2s1\dm2292-sp3\nyp_team5_sp3\sp3_2dgame\app\debug\shivs2d.obj
d:\personal\schoolwork\y2s1\dm2292-sp3\nyp_team5_sp3\sp3_2dgame\app\debug\scene2d.obj
d:\personal\schoolwork\y2s1\dm2292-sp3\nyp_team5_sp3\sp3_2dgame\app\debug\recipebook.obj
d:\personal\schoolwork\y2s1\dm2292-sp3\nyp_team5_sp3\sp3_2dgame\app\debug\recipe.obj
d:\personal\schoolwork\y2s1\dm2292-sp3\nyp_team5_sp3\sp3_2dgame\app\debug\projectile2d.obj
d:\personal\schoolwork\y2s1\dm2292-sp3\nyp_team5_sp3\sp3_2dgame\app\debug\player2d.obj
d:\personal\schoolwork\y2s1\dm2292-sp3\nyp_team5_sp3\sp3_2dgame\app\debug\physics2d.obj
d:\personal\schoolwork\y2s1\dm2292-sp3\nyp_team5_sp3\sp3_2dgame\app\debug\octopus.obj
d:\personal\schoolwork\y2s1\dm2292-sp3\nyp_team5_sp3\sp3_2dgame\app\debug\map2d.obj
d:\personal\schoolwork\y2s1\dm2292-sp3\nyp_team5_sp3\sp3_2dgame\app\debug\inventorymanager.obj
d:\personal\schoolwork\y2s1\dm2292-sp3\nyp_team5_sp3\sp3_2dgame\app\debug\inventoryitem.obj
d:\personal\schoolwork\y2s1\dm2292-sp3\nyp_team5_sp3\sp3_2dgame\app\debug\soundinfo.obj
d:\personal\schoolwork\y2s1\dm2292-sp3\nyp_team5_sp3\sp3_2dgame\debug\app.exe
d:\personal\schoolwork\y2s1\dm2292-sp3\nyp_team5_sp3\sp3_2dgame\app\debug\app.ilk
d:\personal\schoolwork\y2s1\dm2292-sp3\nyp_team5_sp3\sp3_2dgame\debug\app.pdb
d:\personal\schoolwork\y2s1\dm2292-sp3\nyp_team5_sp3\sp3_2dgame\app\debug\app.tlog\cl.read.1.tlog
d:\personal\schoolwork\y2s1\dm2292-sp3\nyp_team5_sp3\sp3_2dgame\app\debug\app.tlog\cl.write.1.tlog
d:\personal\schoolwork\y2s1\dm2292-sp3\nyp_team5_sp3\sp3_2dgame\app\debug\app.tlog\cl.command.1.tlog
d:\personal\schoolwork\y2s1\dm2292-sp3\nyp_team5_sp3\sp3_2dgame\app\debug\app.tlog\link.read.1.tlog
d:\personal\schoolwork\y2s1\dm2292-sp3\nyp_team5_sp3\sp3_2dgame\app\debug\app.tlog\link.write.1.tlog
d:\personal\schoolwork\y2s1\dm2292-sp3\nyp_team5_sp3\sp3_2dgame\app\debug\app.tlog\link.command.1.tlog
