c:\users\winst\desktop\school\year 2 semester 2\dm2234 3d game creation\others\app\debug\vc143.pdb
c:\users\winst\desktop\school\year 2 semester 2\dm2234 3d game creation\others\app\debug\vc143.idb
c:\users\winst\desktop\school\year 2 semester 2\dm2234 3d game creation\others\app\debug\scene3d.obj
c:\users\winst\desktop\school\year 2 semester 2\dm2234 3d game creation\others\app\debug\camera.obj
c:\users\winst\desktop\school\year 2 semester 2\dm2234 3d game creation\others\app\debug\scene2d.obj
c:\users\winst\desktop\school\year 2 semester 2\dm2234 3d game creation\others\app\debug\player2d.obj
c:\users\winst\desktop\school\year 2 semester 2\dm2234 3d game creation\others\app\debug\physics2d.obj
c:\users\winst\desktop\school\year 2 semester 2\dm2234 3d game creation\others\app\debug\map2d.obj
c:\users\winst\desktop\school\year 2 semester 2\dm2234 3d game creation\others\app\debug\inventorymanager.obj
c:\users\winst\desktop\school\year 2 semester 2\dm2234 3d game creation\others\app\debug\inventoryitem.obj
c:\users\winst\desktop\school\year 2 semester 2\dm2234 3d game creation\others\app\debug\gui_scene2d.obj
c:\users\winst\desktop\school\year 2 semester 2\dm2234 3d game creation\others\app\debug\gamemanager.obj
c:\users\winst\desktop\school\year 2 semester 2\dm2234 3d game creation\others\app\debug\enemy2d.obj
c:\users\winst\desktop\school\year 2 semester 2\dm2234 3d game creation\others\app\debug\backgroundentity.obj
c:\users\winst\desktop\school\year 2 semester 2\dm2234 3d game creation\others\app\debug\main.obj
c:\users\winst\desktop\school\year 2 semester 2\dm2234 3d game creation\others\app\debug\playgamestate.obj
c:\users\winst\desktop\school\year 2 semester 2\dm2234 3d game creation\others\app\debug\play3dgamestate.obj
c:\users\winst\desktop\school\year 2 semester 2\dm2234 3d game creation\others\app\debug\pausestate.obj
c:\users\winst\desktop\school\year 2 semester 2\dm2234 3d game creation\others\app\debug\menustate.obj
c:\users\winst\desktop\school\year 2 semester 2\dm2234 3d game creation\others\app\debug\introstate.obj
c:\users\winst\desktop\school\year 2 semester 2\dm2234 3d game creation\others\app\debug\gamestatemanager.obj
c:\users\winst\desktop\school\year 2 semester 2\dm2234 3d game creation\others\app\debug\application.obj
c:\users\winst\desktop\school\year 2 semester 2\dm2234 3d game creation\others\app\debug\soundinfo.obj
c:\users\winst\desktop\school\year 2 semester 2\dm2234 3d game creation\others\app\debug\soundcontroller.obj
c:\users\winst\desktop\school\year 2 semester 2\dm2234 3d game creation\others\app\debug\skybox.obj
c:\users\winst\desktop\school\year 2 semester 2\dm2234 3d game creation\others\app\debug\spintower.obj
c:\users\winst\desktop\school\year 2 semester 2\dm2234 3d game creation\others\app\debug\scenenode.obj
c:\users\winst\desktop\school\year 2 semester 2\dm2234 3d game creation\others\app\debug\minimap.obj
c:\users\winst\desktop\school\year 2 semester 2\dm2234 3d game creation\others\app\debug\treekabak3d.obj
c:\users\winst\desktop\school\year 2 semester 2\dm2234 3d game creation\others\app\debug\structure3d.obj
c:\users\winst\desktop\school\year 2 semester 2\dm2234 3d game creation\others\app\debug\solidobjectmanager.obj
c:\users\winst\desktop\school\year 2 semester 2\dm2234 3d game creation\others\app\debug\solidobject.obj
c:\users\winst\desktop\school\year 2 semester 2\dm2234 3d game creation\others\app\debug\rock3d.obj
c:\users\winst\desktop\school\year 2 semester 2\dm2234 3d game creation\others\app\debug\player3d.obj
c:\users\winst\desktop\school\year 2 semester 2\dm2234 3d game creation\others\app\debug\hut_concrete.obj
c:\users\winst\desktop\school\year 2 semester 2\dm2234 3d game creation\others\app\debug\entitymanager.obj
c:\users\winst\desktop\school\year 2 semester 2\dm2234 3d game creation\others\app\debug\enemy3d.obj
c:\users\winst\desktop\school\year 2 semester 2\dm2234 3d game creation\others\app\debug\scopescreen.obj
c:\users\winst\desktop\school\year 2 semester 2\dm2234 3d game creation\others\app\debug\crosshair.obj
c:\users\winst\desktop\school\year 2 semester 2\dm2234 3d game creation\others\app\debug\camerashake.obj
c:\users\winst\desktop\school\year 2 semester 2\dm2234 3d game creation\others\app\debug\cameraeffectsmanager.obj
c:\users\winst\desktop\school\year 2 semester 2\dm2234 3d game creation\others\app\debug\cameraeffects.obj
c:\users\winst\desktop\school\year 2 semester 2\dm2234 3d game creation\others\app\debug\bloodscreen.obj
c:\users\winst\desktop\school\year 2 semester 2\dm2234 3d game creation\others\app\debug\fsm.obj
c:\users\winst\desktop\school\year 2 semester 2\dm2234 3d game creation\others\app\debug\weaponinfo.obj
c:\users\winst\desktop\school\year 2 semester 2\dm2234 3d game creation\others\app\debug\projectilemanager.obj
c:\users\winst\desktop\school\year 2 semester 2\dm2234 3d game creation\others\app\debug\projectile.obj
c:\users\winst\desktop\school\year 2 semester 2\dm2234 3d game creation\others\app\debug\pistol.obj
c:\users\winst\desktop\school\year 2 semester 2\dm2234 3d game creation\others\app\debug\waypointmanager.obj
c:\users\winst\desktop\school\year 2 semester 2\dm2234 3d game creation\others\app\debug\waypoint.obj
c:\users\winst\desktop\school\year 2 semester 2\dm2234 3d game creation\others\app\debug\vertexbufferobject.obj
c:\users\winst\desktop\school\year 2 semester 2\dm2234 3d game creation\others\app\debug\texture.obj
c:\users\winst\desktop\school\year 2 semester 2\dm2234 3d game creation\others\app\debug\terrain.obj
c:\users\winst\desktop\school\year 2 semester 2\dm2234 3d game creation\others\app\debug\physics3d.obj
c:\users\winst\desktop\school\year 2 semester 2\dm2234 3d game creation\others\app\debug\gui_scene3d.obj
c:\users\winst\desktop\school\year 2 semester 2\dm2234 3d game creation\others\app\debug\sniper.obj
c:\users\winst\desktop\school\year 2 semester 2\dm2234 3d game creation\others\app\debug\assaultrifle.obj
c:\users\winst\desktop\school\year 2 semester 2\dm2234 3d game creation\others\app\debug\submachinegun.obj
c:\users\winst\desktop\school\year 2 semester 2\dm2234 3d game creation\others\app\debug\lightmachinegun.obj
c:\users\winst\desktop\school\year 2 semester 2\dm2234 3d game creation\others\app\debug\ppm.obj
c:\users\winst\desktop\school\year 2 semester 2\dm2234 3d game creation\others\app\debug\perlinnoise.obj
c:\users\winst\desktop\school\year 2 semester 2\dm2234 3d game creation\others\app\debug\cameraleanright.obj
c:\users\winst\desktop\school\year 2 semester 2\dm2234 3d game creation\others\app\debug\cameraleanleft.obj
c:\users\winst\desktop\school\year 2 semester 2\dm2234 3d game creation\others\app\debug\minigun.obj
c:\users\winst\desktop\school\year 2 semester 2\dm2234 3d game creation\others\app\debug\burstassaultrifle.obj
c:\users\winst\desktop\school\year 2 semester 2\dm2234 3d game creation\others\debug\app.exe
c:\users\winst\desktop\school\year 2 semester 2\dm2234 3d game creation\others\app\debug\app.ilk
c:\users\winst\desktop\school\year 2 semester 2\dm2234 3d game creation\others\debug\app.pdb
c:\users\winst\desktop\school\year 2 semester 2\dm2234 3d game creation\others\app\debug\player3d.obj.enc
c:\users\winst\desktop\school\year 2 semester 2\dm2234 3d game creation\others\app\debug\app.tlog\cl.command.1.tlog
c:\users\winst\desktop\school\year 2 semester 2\dm2234 3d game creation\others\app\debug\app.tlog\cl.read.1.tlog
c:\users\winst\desktop\school\year 2 semester 2\dm2234 3d game creation\others\app\debug\app.tlog\cl.write.1.tlog
c:\users\winst\desktop\school\year 2 semester 2\dm2234 3d game creation\others\app\debug\app.tlog\link.command.1.tlog
c:\users\winst\desktop\school\year 2 semester 2\dm2234 3d game creation\others\app\debug\app.tlog\link.read.1.tlog
c:\users\winst\desktop\school\year 2 semester 2\dm2234 3d game creation\others\app\debug\app.tlog\link.write.1.tlog
