c:\users\winst\desktop\school\year 2 semester 2\dm2234 3d game creation\others\debug\library.pdb
c:\users\winst\desktop\school\year 2 semester 2\dm2234 3d game creation\others\debug\library.idb
c:\users\winst\desktop\school\year 2 semester 2\dm2234 3d game creation\others\library\debug\imageloader.obj
c:\users\winst\desktop\school\year 2 semester 2\dm2234 3d game creation\others\library\debug\shadermanager.obj
c:\users\winst\desktop\school\year 2 semester 2\dm2234 3d game creation\others\library\debug\spriteanimation.obj
c:\users\winst\desktop\school\year 2 semester 2\dm2234 3d game creation\others\library\debug\meshbuilder.obj
c:\users\winst\desktop\school\year 2 semester 2\dm2234 3d game creation\others\library\debug\mesh.obj
c:\users\winst\desktop\school\year 2 semester 2\dm2234 3d game creation\others\library\debug\levelofdetails.obj
c:\users\winst\desktop\school\year 2 semester 2\dm2234 3d game creation\others\library\debug\entity3d.obj
c:\users\winst\desktop\school\year 2 semester 2\dm2234 3d game creation\others\library\debug\entity2d.obj
c:\users\winst\desktop\school\year 2 semester 2\dm2234 3d game creation\others\library\debug\collisionmanager.obj
c:\users\winst\desktop\school\year 2 semester 2\dm2234 3d game creation\others\library\debug\collider.obj
c:\users\winst\desktop\school\year 2 semester 2\dm2234 3d game creation\others\library\debug\mousecontroller.obj
c:\users\winst\desktop\school\year 2 semester 2\dm2234 3d game creation\others\library\debug\keyboardcontroller.obj
c:\users\winst\desktop\school\year 2 semester 2\dm2234 3d game creation\others\library\debug\imgui_widgets.obj
c:\users\winst\desktop\school\year 2 semester 2\dm2234 3d game creation\others\library\debug\imgui_tables.obj
c:\users\winst\desktop\school\year 2 semester 2\dm2234 3d game creation\others\library\debug\imgui_draw.obj
c:\users\winst\desktop\school\year 2 semester 2\dm2234 3d game creation\others\library\debug\imgui_demo.obj
c:\users\winst\desktop\school\year 2 semester 2\dm2234 3d game creation\others\library\debug\imgui.obj
c:\users\winst\desktop\school\year 2 semester 2\dm2234 3d game creation\others\library\debug\imgui_impl_opengl3.obj
c:\users\winst\desktop\school\year 2 semester 2\dm2234 3d game creation\others\library\debug\imgui_impl_glfw.obj
c:\users\winst\desktop\school\year 2 semester 2\dm2234 3d game creation\others\library\debug\settings.obj
c:\users\winst\desktop\school\year 2 semester 2\dm2234 3d game creation\others\library\debug\stopwatch.obj
c:\users\winst\desktop\school\year 2 semester 2\dm2234 3d game creation\others\library\debug\fpscounter.obj
c:\users\winst\desktop\school\year 2 semester 2\dm2234 3d game creation\others\library\debug\loadobj.obj
c:\users\winst\desktop\school\year 2 semester 2\dm2234 3d game creation\others\debug\library.lib
c:\users\winst\desktop\school\year 2 semester 2\dm2234 3d game creation\others\library\debug\library.tlog\cl.command.1.tlog
c:\users\winst\desktop\school\year 2 semester 2\dm2234 3d game creation\others\library\debug\library.tlog\cl.read.1.tlog
c:\users\winst\desktop\school\year 2 semester 2\dm2234 3d game creation\others\library\debug\library.tlog\cl.write.1.tlog
c:\users\winst\desktop\school\year 2 semester 2\dm2234 3d game creation\others\library\debug\library.tlog\lib-link.read.1.tlog
c:\users\winst\desktop\school\year 2 semester 2\dm2234 3d game creation\others\library\debug\library.tlog\lib-link.write.1.tlog
c:\users\winst\desktop\school\year 2 semester 2\dm2234 3d game creation\others\library\debug\library.tlog\lib.command.1.tlog
