  Settings.cpp
C:\Users\tohdj\Documents\My Projects\NYP_SDM_GDT_Framework\Library\Source\GameControl\Settings.cpp(37,17): warning C4244: 'initializing': conversion from 'float' to 'int', possible loss of data
C:\Users\tohdj\Documents\My Projects\NYP_SDM_GDT_Framework\Library\Source\GameControl\Settings.cpp(38,18): warning C4244: 'initializing': conversion from 'float' to 'int', possible loss of data
  imgui_impl_glfw.cpp
  imgui_impl_opengl3.cpp
  imgui.cpp
  imgui_demo.cpp
  imgui_draw.cpp
  imgui_tables.cpp
  imgui_widgets.cpp
  KeyboardController.cpp
  MouseController.cpp
  Collider.cpp
  CollisionManager.cpp
  Entity2D.cpp
  Entity3D.cpp
  IDGenerator.cpp
  LevelOfDetails.cpp
  Mesh.cpp
  MeshBuilder.cpp
  SpriteAnimation.cpp
C:\Users\tohdj\Documents\My Projects\NYP_SDM_GDT_Framework\Library\Source\Primitives\SpriteAnimation.cpp(75,62): warning C4244: 'argument': conversion from 'double' to 'const unsigned int', possible loss of data
  ShaderManager.cpp
  Generating Code...
  Compiling...
  ImageLoader.cpp
  LoadOBJ.cpp
  FPSCounter.cpp
  StopWatch.cpp
  Generating Code...
  Library.vcxproj -> C:\Users\tohdj\Documents\My Projects\NYP_SDM_GDT_Framework\Debug\Library.lib
