d:\personal\schoolwork\y2s1\dm2292-sp3\nyp_team5_sp3\sp3_2dgame\debug\library.pdb
d:\personal\schoolwork\y2s1\dm2292-sp3\nyp_team5_sp3\sp3_2dgame\debug\library.idb
d:\personal\schoolwork\y2s1\dm2292-sp3\nyp_team5_sp3\sp3_2dgame\library\debug\imageloader.obj
d:\personal\schoolwork\y2s1\dm2292-sp3\nyp_team5_sp3\sp3_2dgame\library\debug\shadermanager.obj
d:\personal\schoolwork\y2s1\dm2292-sp3\nyp_team5_sp3\sp3_2dgame\library\debug\spriteanimation.obj
d:\personal\schoolwork\y2s1\dm2292-sp3\nyp_team5_sp3\sp3_2dgame\library\debug\meshbuilder.obj
d:\personal\schoolwork\y2s1\dm2292-sp3\nyp_team5_sp3\sp3_2dgame\library\debug\mesh.obj
d:\personal\schoolwork\y2s1\dm2292-sp3\nyp_team5_sp3\sp3_2dgame\library\debug\levelofdetails.obj
d:\personal\schoolwork\y2s1\dm2292-sp3\nyp_team5_sp3\sp3_2dgame\library\debug\entity3d.obj
d:\personal\schoolwork\y2s1\dm2292-sp3\nyp_team5_sp3\sp3_2dgame\library\debug\entity2d.obj
d:\personal\schoolwork\y2s1\dm2292-sp3\nyp_team5_sp3\sp3_2dgame\library\debug\collisionmanager.obj
d:\personal\schoolwork\y2s1\dm2292-sp3\nyp_team5_sp3\sp3_2dgame\library\debug\collider.obj
d:\personal\schoolwork\y2s1\dm2292-sp3\nyp_team5_sp3\sp3_2dgame\library\debug\mousecontroller.obj
d:\personal\schoolwork\y2s1\dm2292-sp3\nyp_team5_sp3\sp3_2dgame\library\debug\keyboardcontroller.obj
d:\personal\schoolwork\y2s1\dm2292-sp3\nyp_team5_sp3\sp3_2dgame\library\debug\imgui_widgets.obj
d:\personal\schoolwork\y2s1\dm2292-sp3\nyp_team5_sp3\sp3_2dgame\library\debug\imgui_tables.obj
d:\personal\schoolwork\y2s1\dm2292-sp3\nyp_team5_sp3\sp3_2dgame\library\debug\imgui_draw.obj
d:\personal\schoolwork\y2s1\dm2292-sp3\nyp_team5_sp3\sp3_2dgame\library\debug\imgui_demo.obj
d:\personal\schoolwork\y2s1\dm2292-sp3\nyp_team5_sp3\sp3_2dgame\library\debug\imgui.obj
d:\personal\schoolwork\y2s1\dm2292-sp3\nyp_team5_sp3\sp3_2dgame\library\debug\imgui_impl_opengl3.obj
d:\personal\schoolwork\y2s1\dm2292-sp3\nyp_team5_sp3\sp3_2dgame\library\debug\imgui_impl_glfw.obj
d:\personal\schoolwork\y2s1\dm2292-sp3\nyp_team5_sp3\sp3_2dgame\library\debug\settings.obj
d:\personal\schoolwork\y2s1\dm2292-sp3\nyp_team5_sp3\sp3_2dgame\library\debug\stopwatch.obj
d:\personal\schoolwork\y2s1\dm2292-sp3\nyp_team5_sp3\sp3_2dgame\library\debug\fpscounter.obj
d:\personal\schoolwork\y2s1\dm2292-sp3\nyp_team5_sp3\sp3_2dgame\library\debug\loadobj.obj
d:\personal\schoolwork\y2s1\dm2292-sp3\nyp_team5_sp3\sp3_2dgame\debug\library.lib
d:\personal\schoolwork\y2s1\dm2292-sp3\nyp_team5_sp3\sp3_2dgame\library\debug\library.tlog\cl.read.1.tlog
d:\personal\schoolwork\y2s1\dm2292-sp3\nyp_team5_sp3\sp3_2dgame\library\debug\library.tlog\cl.write.1.tlog
d:\personal\schoolwork\y2s1\dm2292-sp3\nyp_team5_sp3\sp3_2dgame\library\debug\library.tlog\cl.command.1.tlog
d:\personal\schoolwork\y2s1\dm2292-sp3\nyp_team5_sp3\sp3_2dgame\library\debug\library.tlog\lib-link.read.1.tlog
d:\personal\schoolwork\y2s1\dm2292-sp3\nyp_team5_sp3\sp3_2dgame\library\debug\library.tlog\lib-link.write.1.tlog
d:\personal\schoolwork\y2s1\dm2292-sp3\nyp_team5_sp3\sp3_2dgame\library\debug\library.tlog\lib.command.1.tlog
